[2026-02-20 14:48:36.166] [file_logger] [info] Recti message: Simple test message 1
[2026-02-20 14:48:36.170] [file_logger] [info] Recti message: Simple test message 2
[2026-02-20 14:48:36.171] [file_logger] [info] Recti message: Simple test message 3
[2026-04-08 10:24:32.394] [file_logger] [info] Recti message: Simple test message 1
[2026-04-08 10:24:32.395] [file_logger] [info] Recti message: Simple test message 2
[2026-04-08 10:24:32.396] [file_logger] [info] Recti message: Simple test message 3
[2026-04-22 11:19:06.013] [file_logger] [info] Recti message: Warning: Left node needs elongation: extend_left > distance => extend_left set to distance
[2026-04-22 11:19:06.021] [file_logger] [info] Recti message: Warning: Left node needs elongation: extend_left > distance => extend_left set to distance
[2026-04-22 11:19:06.124] [file_logger] [info] Recti message: Warning: Right node needs elongation: extend_left < 0  => extend_left set to 0
[2026-04-22 11:19:06.126] [file_logger] [info] Recti message: Warning: Left node needs elongation: extend_left > distance => extend_left set to distance
[2026-04-22 11:19:06.159] [file_logger] [info] Recti message: Warning: Left node needs elongation: extend_left > distance => extend_left set to distance
[2026-04-22 11:19:06.161] [file_logger] [info] Recti message: Warning: Left node needs elongation: extend_left > distance => extend_left set to distance
[2026-04-22 11:19:06.162] [file_logger] [info] Recti message: Warning: Left node needs elongation: extend_left > distance => extend_left set to distance
[2026-04-22 11:19:06.164] [file_logger] [info] Recti message: Warning: Left node needs elongation: extend_left > distance => extend_left set to distance
[2026-04-22 11:19:06.166] [file_logger] [info] Recti message: Warning: Left node needs elongation: extend_left > distance => extend_left set to distance
[2026-04-22 11:19:06.167] [file_logger] [info] Recti message: Warning: Left node needs elongation: extend_left > distance => extend_left set to distance
[2026-04-22 11:19:06.169] [file_logger] [info] Recti message: Warning: Left node needs elongation: extend_left > distance => extend_left set to distance
[2026-04-22 11:19:06.171] [file_logger] [info] Recti message: Warning: Left node needs elongation: extend_left > distance => extend_left set to distance
[2026-04-27 17:31:45.265] [file_logger] [info] Recti message: Warning: Left node needs elongation: extend_left > distance => extend_left set to distance
[2026-04-27 17:31:45.271] [file_logger] [info] Recti message: Warning: Left node needs elongation: extend_left > distance => extend_left set to distance
[2026-04-27 17:31:45.295] [file_logger] [info] Recti message: Warning: Right node needs elongation: extend_left < 0  => extend_left set to 0
[2026-04-27 17:31:45.296] [file_logger] [info] Recti message: Warning: Left node needs elongation: extend_left > distance => extend_left set to distance
[2026-04-27 17:31:45.302] [file_logger] [info] Recti message: Warning: Left node needs elongation: extend_left > distance => extend_left set to distance
[2026-04-27 17:31:45.304] [file_logger] [info] Recti message: Warning: Left node needs elongation: extend_left > distance => extend_left set to distance
[2026-04-27 17:31:45.305] [file_logger] [info] Recti message: Warning: Left node needs elongation: extend_left > distance => extend_left set to distance
[2026-04-27 17:31:45.306] [file_logger] [info] Recti message: Warning: Left node needs elongation: extend_left > distance => extend_left set to distance
[2026-04-27 17:31:45.307] [file_logger] [info] Recti message: Warning: Left node needs elongation: extend_left > distance => extend_left set to distance
[2026-04-27 17:31:45.308] [file_logger] [info] Recti message: Warning: Left node needs elongation: extend_left > distance => extend_left set to distance
[2026-04-27 17:31:45.309] [file_logger] [info] Recti message: Warning: Left node needs elongation: extend_left > distance => extend_left set to distance
[2026-04-27 17:31:45.310] [file_logger] [info] Recti message: Warning: Left node needs elongation: extend_left > distance => extend_left set to distance
[2026-04-27 17:31:45.314] [file_logger] [info] Recti message: Warning: No valid insertion point found within allowed wirelength. Consider increasing the allowed wirelength or relaxing keepout constraints.
[2026-04-27 17:31:45.317] [file_logger] [info] Recti message: Warning: No valid insertion point found within allowed wirelength. Consider increasing the allowed wirelength or relaxing keepout constraints.
[2026-04-27 17:31:45.320] [file_logger] [info] Recti message: Warning: No valid insertion point found within allowed wirelength. Consider increasing the allowed wirelength or relaxing keepout constraints.
[2026-04-27 17:31:45.324] [file_logger] [info] Recti message: Warning: No valid insertion point found within allowed wirelength. Consider increasing the allowed wirelength or relaxing keepout constraints.
[2026-04-27 17:31:45.326] [file_logger] [info] Recti message: Warning: No valid insertion point found within allowed wirelength. Consider increasing the allowed wirelength or relaxing keepout constraints.
[2026-04-27 17:31:45.329] [file_logger] [info] Recti message: Warning: No valid insertion point found within allowed wirelength. Consider increasing the allowed wirelength or relaxing keepout constraints.
[2026-04-27 17:31:45.333] [file_logger] [info] Recti message: Warning: No valid insertion point found within allowed wirelength. Consider increasing the allowed wirelength or relaxing keepout constraints.
[2026-04-27 17:31:45.337] [file_logger] [info] Recti message: Warning: No valid insertion point found within allowed wirelength. Consider increasing the allowed wirelength or relaxing keepout constraints.
[2026-04-27 17:31:45.340] [file_logger] [info] Recti message: Warning: No valid insertion point found within allowed wirelength. Consider increasing the allowed wirelength or relaxing keepout constraints.
[2026-04-27 17:31:45.342] [file_logger] [info] Recti message: Warning: No valid insertion point found within allowed wirelength. Consider increasing the allowed wirelength or relaxing keepout constraints.
[2026-04-27 17:31:45.343] [file_logger] [info] Recti message: Warning: No valid insertion point found within allowed wirelength. Consider increasing the allowed wirelength or relaxing keepout constraints.
[2026-04-27 17:31:45.344] [file_logger] [info] Recti message: Warning: No valid insertion point found within allowed wirelength. Consider increasing the allowed wirelength or relaxing keepout constraints.
[2026-04-27 17:31:45.345] [file_logger] [info] Recti message: Warning: No valid insertion point found within allowed wirelength. Consider increasing the allowed wirelength or relaxing keepout constraints.
[2026-04-27 17:31:45.345] [file_logger] [info] Recti message: Warning: No valid insertion point found within allowed wirelength. Consider increasing the allowed wirelength or relaxing keepout constraints.
[2026-04-27 17:31:45.346] [file_logger] [info] Recti message: Warning: No valid insertion point found within allowed wirelength. Consider increasing the allowed wirelength or relaxing keepout constraints.
[2026-04-27 17:31:45.347] [file_logger] [info] Recti message: Warning: No valid insertion point found within allowed wirelength. Consider increasing the allowed wirelength or relaxing keepout constraints.
[2026-04-27 17:31:45.348] [file_logger] [info] Recti message: Warning: No valid insertion point found within allowed wirelength. Consider increasing the allowed wirelength or relaxing keepout constraints.
[2026-04-27 17:31:45.349] [file_logger] [info] Recti message: Warning: No valid insertion point found within allowed wirelength. Consider increasing the allowed wirelength or relaxing keepout constraints.
[2026-04-27 17:31:45.350] [file_logger] [info] Recti message: Warning: No valid insertion point found within allowed wirelength. Consider increasing the allowed wirelength or relaxing keepout constraints.
[2026-04-27 17:31:45.350] [file_logger] [info] Recti message: Warning: No valid insertion point found within allowed wirelength. Consider increasing the allowed wirelength or relaxing keepout constraints.
[2026-04-27 17:31:45.351] [file_logger] [info] Recti message: Warning: No valid insertion point found within allowed wirelength. Consider increasing the allowed wirelength or relaxing keepout constraints.
[2026-04-27 17:31:45.352] [file_logger] [info] Recti message: Warning: No valid insertion point found within allowed wirelength. Consider increasing the allowed wirelength or relaxing keepout constraints.
[2026-04-27 17:31:45.353] [file_logger] [info] Recti message: Warning: No valid insertion point found within allowed wirelength. Consider increasing the allowed wirelength or relaxing keepout constraints.
[2026-04-27 17:31:45.354] [file_logger] [info] Recti message: Warning: No valid insertion point found within allowed wirelength. Consider increasing the allowed wirelength or relaxing keepout constraints.
[2026-04-27 17:31:45.355] [file_logger] [info] Recti message: Warning: No valid insertion point found within allowed wirelength. Consider increasing the allowed wirelength or relaxing keepout constraints.
[2026-04-27 17:31:45.356] [file_logger] [info] Recti message: Warning: No valid insertion point found within allowed wirelength. Consider increasing the allowed wirelength or relaxing keepout constraints.
[2026-04-27 17:31:45.357] [file_logger] [info] Recti message: Warning: No valid insertion point found within allowed wirelength. Consider increasing the allowed wirelength or relaxing keepout constraints.
[2026-04-27 17:31:45.358] [file_logger] [info] Recti message: Warning: No valid insertion point found within allowed wirelength. Consider increasing the allowed wirelength or relaxing keepout constraints.
[2026-04-27 17:31:45.359] [file_logger] [info] Recti message: Warning: No valid insertion point found within allowed wirelength. Consider increasing the allowed wirelength or relaxing keepout constraints.
[2026-04-27 17:31:45.359] [file_logger] [info] Recti message: Warning: No valid insertion point found within allowed wirelength. Consider increasing the allowed wirelength or relaxing keepout constraints.
[2026-04-27 17:31:45.361] [file_logger] [info] Recti message: Warning: No valid insertion point found within allowed wirelength. Consider increasing the allowed wirelength or relaxing keepout constraints.
[2026-04-27 17:31:45.361] [file_logger] [info] Recti message: Warning: No valid insertion point found within allowed wirelength. Consider increasing the allowed wirelength or relaxing keepout constraints.
[2026-04-27 17:31:45.362] [file_logger] [info] Recti message: Warning: No valid insertion point found within allowed wirelength. Consider increasing the allowed wirelength or relaxing keepout constraints.
[2026-04-27 17:31:45.363] [file_logger] [info] Recti message: Warning: No valid insertion point found within allowed wirelength. Consider increasing the allowed wirelength or relaxing keepout constraints.
[2026-04-27 17:31:45.364] [file_logger] [info] Recti message: Warning: No valid insertion point found within allowed wirelength. Consider increasing the allowed wirelength or relaxing keepout constraints.
[2026-04-27 17:31:45.365] [file_logger] [info] Recti message: Warning: No valid insertion point found within allowed wirelength. Consider increasing the allowed wirelength or relaxing keepout constraints.
[2026-04-27 17:31:45.365] [file_logger] [info] Recti message: Warning: No valid insertion point found within allowed wirelength. Consider increasing the allowed wirelength or relaxing keepout constraints.
[2026-04-27 17:31:45.366] [file_logger] [info] Recti message: Warning: No valid insertion point found within allowed wirelength. Consider increasing the allowed wirelength or relaxing keepout constraints.
[2026-04-27 17:31:45.367] [file_logger] [info] Recti message: Warning: No valid insertion point found within allowed wirelength. Consider increasing the allowed wirelength or relaxing keepout constraints.
[2026-04-27 17:31:45.368] [file_logger] [info] Recti message: Warning: No valid insertion point found within allowed wirelength. Consider increasing the allowed wirelength or relaxing keepout constraints.
[2026-04-27 17:31:45.369] [file_logger] [info] Recti message: Warning: No valid insertion point found within allowed wirelength. Consider increasing the allowed wirelength or relaxing keepout constraints.
[2026-04-27 17:31:45.370] [file_logger] [info] Recti message: Warning: No valid insertion point found within allowed wirelength. Consider increasing the allowed wirelength or relaxing keepout constraints.
[2026-04-27 17:31:45.371] [file_logger] [info] Recti message: Warning: No valid insertion point found within allowed wirelength. Consider increasing the allowed wirelength or relaxing keepout constraints.
[2026-04-27 17:31:45.371] [file_logger] [info] Recti message: Warning: No valid insertion point found within allowed wirelength. Consider increasing the allowed wirelength or relaxing keepout constraints.
[2026-04-27 17:31:45.372] [file_logger] [info] Recti message: Warning: No valid insertion point found within allowed wirelength. Consider increasing the allowed wirelength or relaxing keepout constraints.
[2026-04-27 17:31:45.374] [file_logger] [info] Recti message: Warning: No valid insertion point found within allowed wirelength. Consider increasing the allowed wirelength or relaxing keepout constraints.
[2026-04-27 17:31:45.375] [file_logger] [info] Recti message: Warning: No valid insertion point found within allowed wirelength. Consider increasing the allowed wirelength or relaxing keepout constraints.
[2026-04-27 17:31:45.376] [file_logger] [info] Recti message: Warning: No valid insertion point found within allowed wirelength. Consider increasing the allowed wirelength or relaxing keepout constraints.
[2026-04-27 17:31:45.380] [file_logger] [info] Recti message: Warning: No valid insertion point found within allowed wirelength. Consider increasing the allowed wirelength or relaxing keepout constraints.
[2026-04-27 17:31:45.381] [file_logger] [info] Recti message: Warning: No valid insertion point found within allowed wirelength. Consider increasing the allowed wirelength or relaxing keepout constraints.
[2026-04-27 17:31:45.382] [file_logger] [info] Recti message: Warning: No valid insertion point found within allowed wirelength. Consider increasing the allowed wirelength or relaxing keepout constraints.
[2026-04-27 17:31:45.383] [file_logger] [info] Recti message: Warning: No valid insertion point found within allowed wirelength. Consider increasing the allowed wirelength or relaxing keepout constraints.
[2026-04-27 17:31:45.385] [file_logger] [info] Recti message: Warning: No valid insertion point found within allowed wirelength. Consider increasing the allowed wirelength or relaxing keepout constraints.
[2026-04-27 17:31:45.386] [file_logger] [info] Recti message: Warning: No valid insertion point found within allowed wirelength. Consider increasing the allowed wirelength or relaxing keepout constraints.
[2026-04-27 17:31:45.387] [file_logger] [info] Recti message: Warning: No valid insertion point found within allowed wirelength. Consider increasing the allowed wirelength or relaxing keepout constraints.
[2026-04-27 17:31:45.388] [file_logger] [info] Recti message: Warning: No valid insertion point found within allowed wirelength. Consider increasing the allowed wirelength or relaxing keepout constraints.
[2026-04-27 17:31:45.389] [file_logger] [info] Recti message: Warning: No valid insertion point found within allowed wirelength. Consider increasing the allowed wirelength or relaxing keepout constraints.
[2026-04-27 17:31:45.390] [file_logger] [info] Recti message: Warning: No valid insertion point found within allowed wirelength. Consider increasing the allowed wirelength or relaxing keepout constraints.
[2026-04-27 17:31:45.391] [file_logger] [info] Recti message: Warning: No valid insertion point found within allowed wirelength. Consider increasing the allowed wirelength or relaxing keepout constraints.
[2026-04-27 17:31:45.393] [file_logger] [info] Recti message: Warning: No valid insertion point found within allowed wirelength. Consider increasing the allowed wirelength or relaxing keepout constraints.
[2026-04-27 17:31:45.394] [file_logger] [info] Recti message: Warning: No valid insertion point found within allowed wirelength. Consider increasing the allowed wirelength or relaxing keepout constraints.
[2026-04-27 17:31:45.395] [file_logger] [info] Recti message: Warning: No valid insertion point found within allowed wirelength. Consider increasing the allowed wirelength or relaxing keepout constraints.
[2026-04-27 17:31:45.396] [file_logger] [info] Recti message: Warning: No valid insertion point found within allowed wirelength. Consider increasing the allowed wirelength or relaxing keepout constraints.
[2026-04-27 17:31:45.397] [file_logger] [info] Recti message: Warning: No valid insertion point found within allowed wirelength. Consider increasing the allowed wirelength or relaxing keepout constraints.
[2026-04-27 17:31:45.398] [file_logger] [info] Recti message: Warning: No valid insertion point found within allowed wirelength. Consider increasing the allowed wirelength or relaxing keepout constraints.
[2026-04-27 17:31:45.400] [file_logger] [info] Recti message: Warning: No valid insertion point found within allowed wirelength. Consider increasing the allowed wirelength or relaxing keepout constraints.
[2026-04-27 17:31:45.401] [file_logger] [info] Recti message: Warning: No valid insertion point found within allowed wirelength. Consider increasing the allowed wirelength or relaxing keepout constraints.
[2026-04-27 17:31:45.402] [file_logger] [info] Recti message: Warning: No valid insertion point found within allowed wirelength. Consider increasing the allowed wirelength or relaxing keepout constraints.
[2026-04-27 17:31:45.403] [file_logger] [info] Recti message: Warning: No valid insertion point found within allowed wirelength. Consider increasing the allowed wirelength or relaxing keepout constraints.
[2026-04-27 17:31:45.405] [file_logger] [info] Recti message: Warning: No valid insertion point found within allowed wirelength. Consider increasing the allowed wirelength or relaxing keepout constraints.
[2026-04-27 17:31:45.406] [file_logger] [info] Recti message: Warning: No valid insertion point found within allowed wirelength. Consider increasing the allowed wirelength or relaxing keepout constraints.
[2026-04-27 17:31:45.408] [file_logger] [info] Recti message: Warning: No valid insertion point found within allowed wirelength. Consider increasing the allowed wirelength or relaxing keepout constraints.
[2026-04-27 17:31:45.409] [file_logger] [info] Recti message: Warning: No valid insertion point found within allowed wirelength. Consider increasing the allowed wirelength or relaxing keepout constraints.
[2026-04-27 17:31:45.410] [file_logger] [info] Recti message: Warning: No valid insertion point found within allowed wirelength. Consider increasing the allowed wirelength or relaxing keepout constraints.
[2026-04-27 17:31:45.411] [file_logger] [info] Recti message: Warning: No valid insertion point found within allowed wirelength. Consider increasing the allowed wirelength or relaxing keepout constraints.
[2026-04-27 17:31:45.413] [file_logger] [info] Recti message: Warning: No valid insertion point found within allowed wirelength. Consider increasing the allowed wirelength or relaxing keepout constraints.
[2026-04-27 17:31:45.414] [file_logger] [info] Recti message: Warning: No valid insertion point found within allowed wirelength. Consider increasing the allowed wirelength or relaxing keepout constraints.
[2026-04-27 17:31:45.416] [file_logger] [info] Recti message: Warning: No valid insertion point found within allowed wirelength. Consider increasing the allowed wirelength or relaxing keepout constraints.
[2026-04-27 17:31:45.418] [file_logger] [info] Recti message: Warning: No valid insertion point found within allowed wirelength. Consider increasing the allowed wirelength or relaxing keepout constraints.
[2026-04-27 17:31:45.420] [file_logger] [info] Recti message: Warning: No valid insertion point found within allowed wirelength. Consider increasing the allowed wirelength or relaxing keepout constraints.
[2026-04-27 17:31:45.421] [file_logger] [info] Recti message: Warning: No valid insertion point found within allowed wirelength. Consider increasing the allowed wirelength or relaxing keepout constraints.
[2026-04-27 17:31:45.422] [file_logger] [info] Recti message: Warning: No valid insertion point found within allowed wirelength. Consider increasing the allowed wirelength or relaxing keepout constraints.
[2026-04-27 17:31:45.424] [file_logger] [info] Recti message: Warning: No valid insertion point found within allowed wirelength. Consider increasing the allowed wirelength or relaxing keepout constraints.
[2026-04-27 17:31:45.425] [file_logger] [info] Recti message: Warning: No valid insertion point found within allowed wirelength. Consider increasing the allowed wirelength or relaxing keepout constraints.
[2026-04-27 17:31:45.426] [file_logger] [info] Recti message: Warning: No valid insertion point found within allowed wirelength. Consider increasing the allowed wirelength or relaxing keepout constraints.
[2026-04-27 17:31:45.427] [file_logger] [info] Recti message: Warning: No valid insertion point found within allowed wirelength. Consider increasing the allowed wirelength or relaxing keepout constraints.
[2026-04-27 17:31:45.428] [file_logger] [info] Recti message: Warning: No valid insertion point found within allowed wirelength. Consider increasing the allowed wirelength or relaxing keepout constraints.
[2026-04-27 17:31:45.429] [file_logger] [info] Recti message: Warning: No valid insertion point found within allowed wirelength. Consider increasing the allowed wirelength or relaxing keepout constraints.
[2026-04-27 17:31:45.431] [file_logger] [info] Recti message: Warning: No valid insertion point found within allowed wirelength. Consider increasing the allowed wirelength or relaxing keepout constraints.
[2026-04-27 17:31:45.431] [file_logger] [info] Recti message: Warning: No valid insertion point found within allowed wirelength. Consider increasing the allowed wirelength or relaxing keepout constraints.
[2026-04-27 17:31:45.432] [file_logger] [info] Recti message: Warning: No valid insertion point found within allowed wirelength. Consider increasing the allowed wirelength or relaxing keepout constraints.
[2026-04-27 17:31:45.433] [file_logger] [info] Recti message: Warning: No valid insertion point found within allowed wirelength. Consider increasing the allowed wirelength or relaxing keepout constraints.
[2026-04-27 17:31:45.434] [file_logger] [info] Recti message: Warning: No valid insertion point found within allowed wirelength. Consider increasing the allowed wirelength or relaxing keepout constraints.
[2026-04-27 17:31:45.435] [file_logger] [info] Recti message: Warning: No valid insertion point found within allowed wirelength. Consider increasing the allowed wirelength or relaxing keepout constraints.
[2026-04-27 17:31:45.436] [file_logger] [info] Recti message: Warning: No valid insertion point found within allowed wirelength. Consider increasing the allowed wirelength or relaxing keepout constraints.
[2026-04-27 17:31:45.437] [file_logger] [info] Recti message: Warning: No valid insertion point found within allowed wirelength. Consider increasing the allowed wirelength or relaxing keepout constraints.
[2026-04-27 17:31:45.438] [file_logger] [info] Recti message: Warning: No valid insertion point found within allowed wirelength. Consider increasing the allowed wirelength or relaxing keepout constraints.
[2026-04-27 17:31:45.440] [file_logger] [info] Recti message: Warning: No valid insertion point found within allowed wirelength. Consider increasing the allowed wirelength or relaxing keepout constraints.
[2026-04-27 17:31:45.448] [file_logger] [info] Recti message: Warning: No valid insertion point found within allowed wirelength. Consider increasing the allowed wirelength or relaxing keepout constraints.
[2026-04-29 20:33:04.891] [file_logger] [info] Recti message: Warning: Left node needs elongation: extend_left > distance => extend_left set to distance
[2026-04-29 20:33:04.895] [file_logger] [info] Recti message: Warning: Left node needs elongation: extend_left > distance => extend_left set to distance
[2026-04-29 20:33:04.919] [file_logger] [info] Recti message: Warning: Right node needs elongation: extend_left < 0  => extend_left set to 0
[2026-04-29 20:33:04.920] [file_logger] [info] Recti message: Warning: Left node needs elongation: extend_left > distance => extend_left set to distance
[2026-04-29 20:33:04.925] [file_logger] [info] Recti message: Warning: Left node needs elongation: extend_left > distance => extend_left set to distance
[2026-04-29 20:33:04.927] [file_logger] [info] Recti message: Warning: Left node needs elongation: extend_left > distance => extend_left set to distance
[2026-04-29 20:33:04.928] [file_logger] [info] Recti message: Warning: Left node needs elongation: extend_left > distance => extend_left set to distance
[2026-04-29 20:33:04.929] [file_logger] [info] Recti message: Warning: Left node needs elongation: extend_left > distance => extend_left set to distance
[2026-04-29 20:33:04.930] [file_logger] [info] Recti message: Warning: Left node needs elongation: extend_left > distance => extend_left set to distance
[2026-04-29 20:33:04.931] [file_logger] [info] Recti message: Warning: Left node needs elongation: extend_left > distance => extend_left set to distance
[2026-04-29 20:33:04.932] [file_logger] [info] Recti message: Warning: Left node needs elongation: extend_left > distance => extend_left set to distance
[2026-04-29 20:33:04.933] [file_logger] [info] Recti message: Warning: Left node needs elongation: extend_left > distance => extend_left set to distance
[2026-04-29 20:33:04.938] [file_logger] [info] Recti message: Warning: No valid insertion point found within allowed wirelength. Consider increasing the allowed wirelength or relaxing keepout constraints.
[2026-04-29 20:33:04.941] [file_logger] [info] Recti message: Warning: No valid insertion point found within allowed wirelength. Consider increasing the allowed wirelength or relaxing keepout constraints.
[2026-04-29 20:33:04.944] [file_logger] [info] Recti message: Warning: No valid insertion point found within allowed wirelength. Consider increasing the allowed wirelength or relaxing keepout constraints.
[2026-04-29 20:33:04.948] [file_logger] [info] Recti message: Warning: No valid insertion point found within allowed wirelength. Consider increasing the allowed wirelength or relaxing keepout constraints.
[2026-04-29 20:33:04.951] [file_logger] [info] Recti message: Warning: No valid insertion point found within allowed wirelength. Consider increasing the allowed wirelength or relaxing keepout constraints.
[2026-04-29 20:33:04.954] [file_logger] [info] Recti message: Warning: No valid insertion point found within allowed wirelength. Consider increasing the allowed wirelength or relaxing keepout constraints.
[2026-04-29 20:33:04.957] [file_logger] [info] Recti message: Warning: No valid insertion point found within allowed wirelength. Consider increasing the allowed wirelength or relaxing keepout constraints.
[2026-04-29 20:33:04.960] [file_logger] [info] Recti message: Warning: No valid insertion point found within allowed wirelength. Consider increasing the allowed wirelength or relaxing keepout constraints.
[2026-04-29 20:33:04.963] [file_logger] [info] Recti message: Warning: No valid insertion point found within allowed wirelength. Consider increasing the allowed wirelength or relaxing keepout constraints.
[2026-04-29 20:33:04.965] [file_logger] [info] Recti message: Warning: No valid insertion point found within allowed wirelength. Consider increasing the allowed wirelength or relaxing keepout constraints.
[2026-04-29 20:33:04.966] [file_logger] [info] Recti message: Warning: No valid insertion point found within allowed wirelength. Consider increasing the allowed wirelength or relaxing keepout constraints.
[2026-04-29 20:33:04.967] [file_logger] [info] Recti message: Warning: No valid insertion point found within allowed wirelength. Consider increasing the allowed wirelength or relaxing keepout constraints.
[2026-04-29 20:33:04.968] [file_logger] [info] Recti message: Warning: No valid insertion point found within allowed wirelength. Consider increasing the allowed wirelength or relaxing keepout constraints.
[2026-04-29 20:33:04.969] [file_logger] [info] Recti message: Warning: No valid insertion point found within allowed wirelength. Consider increasing the allowed wirelength or relaxing keepout constraints.
[2026-04-29 20:33:04.970] [file_logger] [info] Recti message: Warning: No valid insertion point found within allowed wirelength. Consider increasing the allowed wirelength or relaxing keepout constraints.
[2026-04-29 20:33:04.971] [file_logger] [info] Recti message: Warning: No valid insertion point found within allowed wirelength. Consider increasing the allowed wirelength or relaxing keepout constraints.
[2026-04-29 20:33:04.972] [file_logger] [info] Recti message: Warning: No valid insertion point found within allowed wirelength. Consider increasing the allowed wirelength or relaxing keepout constraints.
[2026-04-29 20:33:04.973] [file_logger] [info] Recti message: Warning: No valid insertion point found within allowed wirelength. Consider increasing the allowed wirelength or relaxing keepout constraints.
[2026-04-29 20:33:04.974] [file_logger] [info] Recti message: Warning: No valid insertion point found within allowed wirelength. Consider increasing the allowed wirelength or relaxing keepout constraints.
[2026-04-29 20:33:04.974] [file_logger] [info] Recti message: Warning: No valid insertion point found within allowed wirelength. Consider increasing the allowed wirelength or relaxing keepout constraints.
[2026-04-29 20:33:04.975] [file_logger] [info] Recti message: Warning: No valid insertion point found within allowed wirelength. Consider increasing the allowed wirelength or relaxing keepout constraints.
[2026-04-29 20:33:04.976] [file_logger] [info] Recti message: Warning: No valid insertion point found within allowed wirelength. Consider increasing the allowed wirelength or relaxing keepout constraints.
[2026-04-29 20:33:04.977] [file_logger] [info] Recti message: Warning: No valid insertion point found within allowed wirelength. Consider increasing the allowed wirelength or relaxing keepout constraints.
[2026-04-29 20:33:04.978] [file_logger] [info] Recti message: Warning: No valid insertion point found within allowed wirelength. Consider increasing the allowed wirelength or relaxing keepout constraints.
[2026-04-29 20:33:04.979] [file_logger] [info] Recti message: Warning: No valid insertion point found within allowed wirelength. Consider increasing the allowed wirelength or relaxing keepout constraints.
[2026-04-29 20:33:04.980] [file_logger] [info] Recti message: Warning: No valid insertion point found within allowed wirelength. Consider increasing the allowed wirelength or relaxing keepout constraints.
[2026-04-29 20:33:04.980] [file_logger] [info] Recti message: Warning: No valid insertion point found within allowed wirelength. Consider increasing the allowed wirelength or relaxing keepout constraints.
[2026-04-29 20:33:04.981] [file_logger] [info] Recti message: Warning: No valid insertion point found within allowed wirelength. Consider increasing the allowed wirelength or relaxing keepout constraints.
[2026-04-29 20:33:04.983] [file_logger] [info] Recti message: Warning: No valid insertion point found within allowed wirelength. Consider increasing the allowed wirelength or relaxing keepout constraints.
[2026-04-29 20:33:04.984] [file_logger] [info] Recti message: Warning: No valid insertion point found within allowed wirelength. Consider increasing the allowed wirelength or relaxing keepout constraints.
[2026-04-29 20:33:04.985] [file_logger] [info] Recti message: Warning: No valid insertion point found within allowed wirelength. Consider increasing the allowed wirelength or relaxing keepout constraints.
[2026-04-29 20:33:04.986] [file_logger] [info] Recti message: Warning: No valid insertion point found within allowed wirelength. Consider increasing the allowed wirelength or relaxing keepout constraints.
[2026-04-29 20:33:04.986] [file_logger] [info] Recti message: Warning: No valid insertion point found within allowed wirelength. Consider increasing the allowed wirelength or relaxing keepout constraints.
[2026-04-29 20:33:04.987] [file_logger] [info] Recti message: Warning: No valid insertion point found within allowed wirelength. Consider increasing the allowed wirelength or relaxing keepout constraints.
[2026-04-29 20:33:04.988] [file_logger] [info] Recti message: Warning: No valid insertion point found within allowed wirelength. Consider increasing the allowed wirelength or relaxing keepout constraints.
[2026-04-29 20:33:04.989] [file_logger] [info] Recti message: Warning: No valid insertion point found within allowed wirelength. Consider increasing the allowed wirelength or relaxing keepout constraints.
[2026-04-29 20:33:04.989] [file_logger] [info] Recti message: Warning: No valid insertion point found within allowed wirelength. Consider increasing the allowed wirelength or relaxing keepout constraints.
[2026-04-29 20:33:04.990] [file_logger] [info] Recti message: Warning: No valid insertion point found within allowed wirelength. Consider increasing the allowed wirelength or relaxing keepout constraints.
[2026-04-29 20:33:04.991] [file_logger] [info] Recti message: Warning: No valid insertion point found within allowed wirelength. Consider increasing the allowed wirelength or relaxing keepout constraints.
[2026-04-29 20:33:04.992] [file_logger] [info] Recti message: Warning: No valid insertion point found within allowed wirelength. Consider increasing the allowed wirelength or relaxing keepout constraints.
[2026-04-29 20:33:04.993] [file_logger] [info] Recti message: Warning: No valid insertion point found within allowed wirelength. Consider increasing the allowed wirelength or relaxing keepout constraints.
[2026-04-29 20:33:04.994] [file_logger] [info] Recti message: Warning: No valid insertion point found within allowed wirelength. Consider increasing the allowed wirelength or relaxing keepout constraints.
[2026-04-29 20:33:04.994] [file_logger] [info] Recti message: Warning: No valid insertion point found within allowed wirelength. Consider increasing the allowed wirelength or relaxing keepout constraints.
[2026-04-29 20:33:04.996] [file_logger] [info] Recti message: Warning: No valid insertion point found within allowed wirelength. Consider increasing the allowed wirelength or relaxing keepout constraints.
[2026-04-29 20:33:04.997] [file_logger] [info] Recti message: Warning: No valid insertion point found within allowed wirelength. Consider increasing the allowed wirelength or relaxing keepout constraints.
[2026-04-29 20:33:04.999] [file_logger] [info] Recti message: Warning: No valid insertion point found within allowed wirelength. Consider increasing the allowed wirelength or relaxing keepout constraints.
[2026-04-29 20:33:05.000] [file_logger] [info] Recti message: Warning: No valid insertion point found within allowed wirelength. Consider increasing the allowed wirelength or relaxing keepout constraints.
[2026-04-29 20:33:05.001] [file_logger] [info] Recti message: Warning: No valid insertion point found within allowed wirelength. Consider increasing the allowed wirelength or relaxing keepout constraints.
[2026-04-29 20:33:05.003] [file_logger] [info] Recti message: Warning: No valid insertion point found within allowed wirelength. Consider increasing the allowed wirelength or relaxing keepout constraints.
[2026-04-29 20:33:05.004] [file_logger] [info] Recti message: Warning: No valid insertion point found within allowed wirelength. Consider increasing the allowed wirelength or relaxing keepout constraints.
[2026-04-29 20:33:05.005] [file_logger] [info] Recti message: Warning: No valid insertion point found within allowed wirelength. Consider increasing the allowed wirelength or relaxing keepout constraints.
[2026-04-29 20:33:05.007] [file_logger] [info] Recti message: Warning: No valid insertion point found within allowed wirelength. Consider increasing the allowed wirelength or relaxing keepout constraints.
[2026-04-29 20:33:05.008] [file_logger] [info] Recti message: Warning: No valid insertion point found within allowed wirelength. Consider increasing the allowed wirelength or relaxing keepout constraints.
[2026-04-29 20:33:05.008] [file_logger] [info] Recti message: Warning: No valid insertion point found within allowed wirelength. Consider increasing the allowed wirelength or relaxing keepout constraints.
[2026-04-29 20:33:05.009] [file_logger] [info] Recti message: Warning: No valid insertion point found within allowed wirelength. Consider increasing the allowed wirelength or relaxing keepout constraints.
[2026-04-29 20:33:05.010] [file_logger] [info] Recti message: Warning: No valid insertion point found within allowed wirelength. Consider increasing the allowed wirelength or relaxing keepout constraints.
[2026-04-29 20:33:05.011] [file_logger] [info] Recti message: Warning: No valid insertion point found within allowed wirelength. Consider increasing the allowed wirelength or relaxing keepout constraints.
[2026-04-29 20:33:05.013] [file_logger] [info] Recti message: Warning: No valid insertion point found within allowed wirelength. Consider increasing the allowed wirelength or relaxing keepout constraints.
[2026-04-29 20:33:05.014] [file_logger] [info] Recti message: Warning: No valid insertion point found within allowed wirelength. Consider increasing the allowed wirelength or relaxing keepout constraints.
[2026-04-29 20:33:05.015] [file_logger] [info] Recti message: Warning: No valid insertion point found within allowed wirelength. Consider increasing the allowed wirelength or relaxing keepout constraints.
[2026-04-29 20:33:05.015] [file_logger] [info] Recti message: Warning: No valid insertion point found within allowed wirelength. Consider increasing the allowed wirelength or relaxing keepout constraints.
[2026-04-29 20:33:05.016] [file_logger] [info] Recti message: Warning: No valid insertion point found within allowed wirelength. Consider increasing the allowed wirelength or relaxing keepout constraints.
[2026-04-29 20:33:05.017] [file_logger] [info] Recti message: Warning: No valid insertion point found within allowed wirelength. Consider increasing the allowed wirelength or relaxing keepout constraints.
[2026-04-29 20:33:05.018] [file_logger] [info] Recti message: Warning: No valid insertion point found within allowed wirelength. Consider increasing the allowed wirelength or relaxing keepout constraints.
[2026-04-29 20:33:05.019] [file_logger] [info] Recti message: Warning: No valid insertion point found within allowed wirelength. Consider increasing the allowed wirelength or relaxing keepout constraints.
[2026-04-29 20:33:05.020] [file_logger] [info] Recti message: Warning: No valid insertion point found within allowed wirelength. Consider increasing the allowed wirelength or relaxing keepout constraints.
[2026-04-29 20:33:05.021] [file_logger] [info] Recti message: Warning: No valid insertion point found within allowed wirelength. Consider increasing the allowed wirelength or relaxing keepout constraints.
[2026-04-29 20:33:05.022] [file_logger] [info] Recti message: Warning: No valid insertion point found within allowed wirelength. Consider increasing the allowed wirelength or relaxing keepout constraints.
[2026-04-29 20:33:05.022] [file_logger] [info] Recti message: Warning: No valid insertion point found within allowed wirelength. Consider increasing the allowed wirelength or relaxing keepout constraints.
[2026-04-29 20:33:05.024] [file_logger] [info] Recti message: Warning: No valid insertion point found within allowed wirelength. Consider increasing the allowed wirelength or relaxing keepout constraints.
[2026-04-29 20:33:05.025] [file_logger] [info] Recti message: Warning: No valid insertion point found within allowed wirelength. Consider increasing the allowed wirelength or relaxing keepout constraints.
[2026-04-29 20:33:05.026] [file_logger] [info] Recti message: Warning: No valid insertion point found within allowed wirelength. Consider increasing the allowed wirelength or relaxing keepout constraints.
[2026-04-29 20:33:05.027] [file_logger] [info] Recti message: Warning: No valid insertion point found within allowed wirelength. Consider increasing the allowed wirelength or relaxing keepout constraints.
[2026-04-29 20:33:05.027] [file_logger] [info] Recti message: Warning: No valid insertion point found within allowed wirelength. Consider increasing the allowed wirelength or relaxing keepout constraints.
[2026-04-29 20:33:05.028] [file_logger] [info] Recti message: Warning: No valid insertion point found within allowed wirelength. Consider increasing the allowed wirelength or relaxing keepout constraints.
[2026-04-29 20:33:05.029] [file_logger] [info] Recti message: Warning: No valid insertion point found within allowed wirelength. Consider increasing the allowed wirelength or relaxing keepout constraints.
[2026-04-29 20:33:05.030] [file_logger] [info] Recti message: Warning: No valid insertion point found within allowed wirelength. Consider increasing the allowed wirelength or relaxing keepout constraints.
[2026-04-29 20:33:05.031] [file_logger] [info] Recti message: Warning: No valid insertion point found within allowed wirelength. Consider increasing the allowed wirelength or relaxing keepout constraints.
[2026-04-29 20:33:05.032] [file_logger] [info] Recti message: Warning: No valid insertion point found within allowed wirelength. Consider increasing the allowed wirelength or relaxing keepout constraints.
[2026-04-29 20:33:05.032] [file_logger] [info] Recti message: Warning: No valid insertion point found within allowed wirelength. Consider increasing the allowed wirelength or relaxing keepout constraints.
[2026-04-29 20:33:05.033] [file_logger] [info] Recti message: Warning: No valid insertion point found within allowed wirelength. Consider increasing the allowed wirelength or relaxing keepout constraints.
[2026-04-29 20:33:05.034] [file_logger] [info] Recti message: Warning: No valid insertion point found within allowed wirelength. Consider increasing the allowed wirelength or relaxing keepout constraints.
[2026-04-29 20:33:05.035] [file_logger] [info] Recti message: Warning: No valid insertion point found within allowed wirelength. Consider increasing the allowed wirelength or relaxing keepout constraints.
[2026-04-29 20:33:05.036] [file_logger] [info] Recti message: Warning: No valid insertion point found within allowed wirelength. Consider increasing the allowed wirelength or relaxing keepout constraints.
[2026-04-29 20:33:05.037] [file_logger] [info] Recti message: Warning: No valid insertion point found within allowed wirelength. Consider increasing the allowed wirelength or relaxing keepout constraints.
[2026-04-29 20:33:05.038] [file_logger] [info] Recti message: Warning: No valid insertion point found within allowed wirelength. Consider increasing the allowed wirelength or relaxing keepout constraints.
[2026-04-29 20:33:05.039] [file_logger] [info] Recti message: Warning: No valid insertion point found within allowed wirelength. Consider increasing the allowed wirelength or relaxing keepout constraints.
[2026-04-29 20:33:05.039] [file_logger] [info] Recti message: Warning: No valid insertion point found within allowed wirelength. Consider increasing the allowed wirelength or relaxing keepout constraints.
[2026-04-29 20:33:05.040] [file_logger] [info] Recti message: Warning: No valid insertion point found within allowed wirelength. Consider increasing the allowed wirelength or relaxing keepout constraints.
[2026-04-29 20:33:05.041] [file_logger] [info] Recti message: Warning: No valid insertion point found within allowed wirelength. Consider increasing the allowed wirelength or relaxing keepout constraints.
[2026-04-29 20:33:05.042] [file_logger] [info] Recti message: Warning: No valid insertion point found within allowed wirelength. Consider increasing the allowed wirelength or relaxing keepout constraints.
[2026-04-29 20:33:05.043] [file_logger] [info] Recti message: Warning: No valid insertion point found within allowed wirelength. Consider increasing the allowed wirelength or relaxing keepout constraints.
[2026-04-29 20:33:05.044] [file_logger] [info] Recti message: Warning: No valid insertion point found within allowed wirelength. Consider increasing the allowed wirelength or relaxing keepout constraints.
[2026-04-29 20:33:05.045] [file_logger] [info] Recti message: Warning: No valid insertion point found within allowed wirelength. Consider increasing the allowed wirelength or relaxing keepout constraints.
[2026-04-29 20:33:05.046] [file_logger] [info] Recti message: Warning: No valid insertion point found within allowed wirelength. Consider increasing the allowed wirelength or relaxing keepout constraints.
[2026-04-29 20:33:05.047] [file_logger] [info] Recti message: Warning: No valid insertion point found within allowed wirelength. Consider increasing the allowed wirelength or relaxing keepout constraints.
[2026-04-29 20:33:05.048] [file_logger] [info] Recti message: Warning: No valid insertion point found within allowed wirelength. Consider increasing the allowed wirelength or relaxing keepout constraints.
[2026-04-29 20:33:05.050] [file_logger] [info] Recti message: Warning: No valid insertion point found within allowed wirelength. Consider increasing the allowed wirelength or relaxing keepout constraints.
[2026-04-29 20:33:05.058] [file_logger] [info] Recti message: Warning: No valid insertion point found within allowed wirelength. Consider increasing the allowed wirelength or relaxing keepout constraints.
[2026-05-27 10:54:35.929] [file_logger] [info] Recti message: Warning: Left node needs elongation: extend_left > distance => extend_left set to distance
[2026-05-27 10:54:35.934] [file_logger] [info] Recti message: Warning: Left node needs elongation: extend_left > distance => extend_left set to distance
[2026-05-27 10:54:35.957] [file_logger] [info] Recti message: Warning: Right node needs elongation: extend_left < 0  => extend_left set to 0
[2026-05-27 10:54:35.958] [file_logger] [info] Recti message: Warning: Left node needs elongation: extend_left > distance => extend_left set to distance
[2026-05-27 10:54:35.963] [file_logger] [info] Recti message: Warning: Left node needs elongation: extend_left > distance => extend_left set to distance
[2026-05-27 10:54:35.964] [file_logger] [info] Recti message: Warning: Left node needs elongation: extend_left > distance => extend_left set to distance
[2026-05-27 10:54:35.965] [file_logger] [info] Recti message: Warning: Left node needs elongation: extend_left > distance => extend_left set to distance
[2026-05-27 10:54:35.966] [file_logger] [info] Recti message: Warning: Left node needs elongation: extend_left > distance => extend_left set to distance
[2026-05-27 10:54:35.967] [file_logger] [info] Recti message: Warning: Left node needs elongation: extend_left > distance => extend_left set to distance
[2026-05-27 10:54:35.968] [file_logger] [info] Recti message: Warning: Left node needs elongation: extend_left > distance => extend_left set to distance
[2026-05-27 10:54:35.969] [file_logger] [info] Recti message: Warning: Left node needs elongation: extend_left > distance => extend_left set to distance
[2026-05-27 10:54:35.970] [file_logger] [info] Recti message: Warning: Left node needs elongation: extend_left > distance => extend_left set to distance
[2026-05-27 10:54:35.974] [file_logger] [info] Recti message: Warning: No valid insertion point found within allowed wirelength. Consider increasing the allowed wirelength or relaxing keepout constraints.
[2026-05-27 10:54:35.977] [file_logger] [info] Recti message: Warning: No valid insertion point found within allowed wirelength. Consider increasing the allowed wirelength or relaxing keepout constraints.
[2026-05-27 10:54:35.977] [file_logger] [info] Recti message: Warning: No valid insertion point found within allowed wirelength. Consider increasing the allowed wirelength or relaxing keepout constraints.
[2026-05-27 10:54:35.980] [file_logger] [info] Recti message: Warning: No valid insertion point found within allowed wirelength. Consider increasing the allowed wirelength or relaxing keepout constraints.
[2026-05-27 10:54:35.983] [file_logger] [info] Recti message: Warning: No valid insertion point found within allowed wirelength. Consider increasing the allowed wirelength or relaxing keepout constraints.
[2026-05-27 10:54:35.988] [file_logger] [info] Recti message: Warning: No valid insertion point found within allowed wirelength. Consider increasing the allowed wirelength or relaxing keepout constraints.
[2026-05-27 10:54:35.990] [file_logger] [info] Recti message: Warning: No valid insertion point found within allowed wirelength. Consider increasing the allowed wirelength or relaxing keepout constraints.
[2026-05-27 10:54:35.993] [file_logger] [info] Recti message: Warning: No valid insertion point found within allowed wirelength. Consider increasing the allowed wirelength or relaxing keepout constraints.
[2026-05-27 10:54:35.997] [file_logger] [info] Recti message: Warning: No valid insertion point found within allowed wirelength. Consider increasing the allowed wirelength or relaxing keepout constraints.
[2026-05-27 10:54:35.998] [file_logger] [info] Recti message: Warning: No valid insertion point found within allowed wirelength. Consider increasing the allowed wirelength or relaxing keepout constraints.
[2026-05-27 10:54:35.999] [file_logger] [info] Recti message: Warning: No valid insertion point found within allowed wirelength. Consider increasing the allowed wirelength or relaxing keepout constraints.
[2026-05-27 10:54:36.000] [file_logger] [info] Recti message: Warning: No valid insertion point found within allowed wirelength. Consider increasing the allowed wirelength or relaxing keepout constraints.
[2026-05-27 10:54:36.001] [file_logger] [info] Recti message: Warning: No valid insertion point found within allowed wirelength. Consider increasing the allowed wirelength or relaxing keepout constraints.
[2026-05-27 10:54:36.001] [file_logger] [info] Recti message: Warning: No valid insertion point found within allowed wirelength. Consider increasing the allowed wirelength or relaxing keepout constraints.
[2026-05-27 10:54:36.003] [file_logger] [info] Recti message: Warning: No valid insertion point found within allowed wirelength. Consider increasing the allowed wirelength or relaxing keepout constraints.
[2026-05-27 10:54:36.004] [file_logger] [info] Recti message: Warning: No valid insertion point found within allowed wirelength. Consider increasing the allowed wirelength or relaxing keepout constraints.
[2026-05-27 10:54:36.005] [file_logger] [info] Recti message: Warning: No valid insertion point found within allowed wirelength. Consider increasing the allowed wirelength or relaxing keepout constraints.
[2026-05-27 10:54:36.005] [file_logger] [info] Recti message: Warning: No valid insertion point found within allowed wirelength. Consider increasing the allowed wirelength or relaxing keepout constraints.
[2026-05-27 10:54:36.006] [file_logger] [info] Recti message: Warning: No valid insertion point found within allowed wirelength. Consider increasing the allowed wirelength or relaxing keepout constraints.
[2026-05-27 10:54:36.007] [file_logger] [info] Recti message: Warning: No valid insertion point found within allowed wirelength. Consider increasing the allowed wirelength or relaxing keepout constraints.
[2026-05-27 10:54:36.008] [file_logger] [info] Recti message: Warning: No valid insertion point found within allowed wirelength. Consider increasing the allowed wirelength or relaxing keepout constraints.
[2026-05-27 10:54:36.009] [file_logger] [info] Recti message: Warning: No valid insertion point found within allowed wirelength. Consider increasing the allowed wirelength or relaxing keepout constraints.
[2026-05-27 10:54:36.010] [file_logger] [info] Recti message: Warning: No valid insertion point found within allowed wirelength. Consider increasing the allowed wirelength or relaxing keepout constraints.
[2026-05-27 10:54:36.010] [file_logger] [info] Recti message: Warning: No valid insertion point found within allowed wirelength. Consider increasing the allowed wirelength or relaxing keepout constraints.
[2026-05-27 10:54:36.011] [file_logger] [info] Recti message: Warning: No valid insertion point found within allowed wirelength. Consider increasing the allowed wirelength or relaxing keepout constraints.
[2026-05-27 10:54:36.012] [file_logger] [info] Recti message: Warning: No valid insertion point found within allowed wirelength. Consider increasing the allowed wirelength or relaxing keepout constraints.
[2026-05-27 10:54:36.013] [file_logger] [info] Recti message: Warning: No valid insertion point found within allowed wirelength. Consider increasing the allowed wirelength or relaxing keepout constraints.
[2026-05-27 10:54:36.014] [file_logger] [info] Recti message: Warning: No valid insertion point found within allowed wirelength. Consider increasing the allowed wirelength or relaxing keepout constraints.
[2026-05-27 10:54:36.015] [file_logger] [info] Recti message: Warning: No valid insertion point found within allowed wirelength. Consider increasing the allowed wirelength or relaxing keepout constraints.
[2026-05-27 10:54:36.016] [file_logger] [info] Recti message: Warning: No valid insertion point found within allowed wirelength. Consider increasing the allowed wirelength or relaxing keepout constraints.
[2026-05-27 10:54:36.017] [file_logger] [info] Recti message: Warning: No valid insertion point found within allowed wirelength. Consider increasing the allowed wirelength or relaxing keepout constraints.
[2026-05-27 10:54:36.018] [file_logger] [info] Recti message: Warning: No valid insertion point found within allowed wirelength. Consider increasing the allowed wirelength or relaxing keepout constraints.
[2026-05-27 10:54:36.019] [file_logger] [info] Recti message: Warning: No valid insertion point found within allowed wirelength. Consider increasing the allowed wirelength or relaxing keepout constraints.
[2026-05-27 10:54:36.021] [file_logger] [info] Recti message: Warning: No valid insertion point found within allowed wirelength. Consider increasing the allowed wirelength or relaxing keepout constraints.
[2026-05-27 10:54:36.022] [file_logger] [info] Recti message: Warning: No valid insertion point found within allowed wirelength. Consider increasing the allowed wirelength or relaxing keepout constraints.
[2026-05-27 10:54:36.023] [file_logger] [info] Recti message: Warning: No valid insertion point found within allowed wirelength. Consider increasing the allowed wirelength or relaxing keepout constraints.
[2026-05-27 10:54:36.024] [file_logger] [info] Recti message: Warning: No valid insertion point found within allowed wirelength. Consider increasing the allowed wirelength or relaxing keepout constraints.
[2026-05-27 10:54:36.025] [file_logger] [info] Recti message: Warning: No valid insertion point found within allowed wirelength. Consider increasing the allowed wirelength or relaxing keepout constraints.
[2026-05-27 10:54:36.026] [file_logger] [info] Recti message: Warning: No valid insertion point found within allowed wirelength. Consider increasing the allowed wirelength or relaxing keepout constraints.
[2026-05-27 10:54:36.028] [file_logger] [info] Recti message: Warning: No valid insertion point found within allowed wirelength. Consider increasing the allowed wirelength or relaxing keepout constraints.
[2026-05-27 10:54:36.029] [file_logger] [info] Recti message: Warning: No valid insertion point found within allowed wirelength. Consider increasing the allowed wirelength or relaxing keepout constraints.
[2026-05-27 10:54:36.031] [file_logger] [info] Recti message: Warning: No valid insertion point found within allowed wirelength. Consider increasing the allowed wirelength or relaxing keepout constraints.
[2026-05-27 10:54:36.032] [file_logger] [info] Recti message: Warning: No valid insertion point found within allowed wirelength. Consider increasing the allowed wirelength or relaxing keepout constraints.
[2026-05-27 10:54:36.033] [file_logger] [info] Recti message: Warning: No valid insertion point found within allowed wirelength. Consider increasing the allowed wirelength or relaxing keepout constraints.
[2026-05-27 10:54:36.034] [file_logger] [info] Recti message: Warning: No valid insertion point found within allowed wirelength. Consider increasing the allowed wirelength or relaxing keepout constraints.
[2026-05-27 10:54:36.034] [file_logger] [info] Recti message: Warning: No valid insertion point found within allowed wirelength. Consider increasing the allowed wirelength or relaxing keepout constraints.
[2026-05-27 10:54:36.035] [file_logger] [info] Recti message: Warning: No valid insertion point found within allowed wirelength. Consider increasing the allowed wirelength or relaxing keepout constraints.
[2026-05-27 10:54:36.036] [file_logger] [info] Recti message: Warning: No valid insertion point found within allowed wirelength. Consider increasing the allowed wirelength or relaxing keepout constraints.
[2026-05-27 10:54:36.037] [file_logger] [info] Recti message: Warning: No valid insertion point found within allowed wirelength. Consider increasing the allowed wirelength or relaxing keepout constraints.
[2026-05-27 10:54:36.038] [file_logger] [info] Recti message: Warning: No valid insertion point found within allowed wirelength. Consider increasing the allowed wirelength or relaxing keepout constraints.
[2026-05-27 10:54:36.038] [file_logger] [info] Recti message: Warning: No valid insertion point found within allowed wirelength. Consider increasing the allowed wirelength or relaxing keepout constraints.
[2026-05-27 10:54:36.039] [file_logger] [info] Recti message: Warning: No valid insertion point found within allowed wirelength. Consider increasing the allowed wirelength or relaxing keepout constraints.
[2026-05-27 10:54:36.040] [file_logger] [info] Recti message: Warning: No valid insertion point found within allowed wirelength. Consider increasing the allowed wirelength or relaxing keepout constraints.
[2026-05-27 10:54:36.041] [file_logger] [info] Recti message: Warning: No valid insertion point found within allowed wirelength. Consider increasing the allowed wirelength or relaxing keepout constraints.
[2026-05-27 10:54:36.041] [file_logger] [info] Recti message: Warning: No valid insertion point found within allowed wirelength. Consider increasing the allowed wirelength or relaxing keepout constraints.
[2026-05-27 10:54:36.042] [file_logger] [info] Recti message: Warning: No valid insertion point found within allowed wirelength. Consider increasing the allowed wirelength or relaxing keepout constraints.
[2026-05-27 10:54:36.043] [file_logger] [info] Recti message: Warning: No valid insertion point found within allowed wirelength. Consider increasing the allowed wirelength or relaxing keepout constraints.
[2026-05-27 10:54:36.044] [file_logger] [info] Recti message: Warning: No valid insertion point found within allowed wirelength. Consider increasing the allowed wirelength or relaxing keepout constraints.
[2026-05-27 10:54:36.045] [file_logger] [info] Recti message: Warning: No valid insertion point found within allowed wirelength. Consider increasing the allowed wirelength or relaxing keepout constraints.
[2026-05-27 10:54:36.045] [file_logger] [info] Recti message: Warning: No valid insertion point found within allowed wirelength. Consider increasing the allowed wirelength or relaxing keepout constraints.
[2026-05-27 10:54:36.046] [file_logger] [info] Recti message: Warning: No valid insertion point found within allowed wirelength. Consider increasing the allowed wirelength or relaxing keepout constraints.
[2026-05-27 10:54:36.047] [file_logger] [info] Recti message: Warning: No valid insertion point found within allowed wirelength. Consider increasing the allowed wirelength or relaxing keepout constraints.
[2026-05-27 10:54:36.048] [file_logger] [info] Recti message: Warning: No valid insertion point found within allowed wirelength. Consider increasing the allowed wirelength or relaxing keepout constraints.
[2026-05-27 10:54:36.049] [file_logger] [info] Recti message: Warning: No valid insertion point found within allowed wirelength. Consider increasing the allowed wirelength or relaxing keepout constraints.
[2026-05-27 10:54:36.049] [file_logger] [info] Recti message: Warning: No valid insertion point found within allowed wirelength. Consider increasing the allowed wirelength or relaxing keepout constraints.
[2026-05-27 10:54:36.050] [file_logger] [info] Recti message: Warning: No valid insertion point found within allowed wirelength. Consider increasing the allowed wirelength or relaxing keepout constraints.
[2026-05-27 10:54:36.051] [file_logger] [info] Recti message: Warning: No valid insertion point found within allowed wirelength. Consider increasing the allowed wirelength or relaxing keepout constraints.
[2026-05-27 10:54:36.052] [file_logger] [info] Recti message: Warning: No valid insertion point found within allowed wirelength. Consider increasing the allowed wirelength or relaxing keepout constraints.
[2026-05-27 10:54:36.053] [file_logger] [info] Recti message: Warning: No valid insertion point found within allowed wirelength. Consider increasing the allowed wirelength or relaxing keepout constraints.
[2026-05-27 10:54:36.053] [file_logger] [info] Recti message: Warning: No valid insertion point found within allowed wirelength. Consider increasing the allowed wirelength or relaxing keepout constraints.
[2026-05-27 10:54:36.054] [file_logger] [info] Recti message: Warning: No valid insertion point found within allowed wirelength. Consider increasing the allowed wirelength or relaxing keepout constraints.
[2026-05-27 10:54:36.055] [file_logger] [info] Recti message: Warning: No valid insertion point found within allowed wirelength. Consider increasing the allowed wirelength or relaxing keepout constraints.
[2026-05-27 10:54:36.056] [file_logger] [info] Recti message: Warning: No valid insertion point found within allowed wirelength. Consider increasing the allowed wirelength or relaxing keepout constraints.
[2026-05-27 10:54:36.056] [file_logger] [info] Recti message: Warning: No valid insertion point found within allowed wirelength. Consider increasing the allowed wirelength or relaxing keepout constraints.
[2026-05-27 10:54:36.057] [file_logger] [info] Recti message: Warning: No valid insertion point found within allowed wirelength. Consider increasing the allowed wirelength or relaxing keepout constraints.
[2026-05-27 10:54:36.058] [file_logger] [info] Recti message: Warning: No valid insertion point found within allowed wirelength. Consider increasing the allowed wirelength or relaxing keepout constraints.
[2026-05-27 10:54:36.059] [file_logger] [info] Recti message: Warning: No valid insertion point found within allowed wirelength. Consider increasing the allowed wirelength or relaxing keepout constraints.
[2026-05-27 10:54:36.060] [file_logger] [info] Recti message: Warning: No valid insertion point found within allowed wirelength. Consider increasing the allowed wirelength or relaxing keepout constraints.
[2026-05-27 10:54:36.061] [file_logger] [info] Recti message: Warning: No valid insertion point found within allowed wirelength. Consider increasing the allowed wirelength or relaxing keepout constraints.
[2026-05-27 10:54:36.062] [file_logger] [info] Recti message: Warning: No valid insertion point found within allowed wirelength. Consider increasing the allowed wirelength or relaxing keepout constraints.
[2026-05-27 10:54:36.063] [file_logger] [info] Recti message: Warning: No valid insertion point found within allowed wirelength. Consider increasing the allowed wirelength or relaxing keepout constraints.
[2026-05-27 10:54:36.064] [file_logger] [info] Recti message: Warning: No valid insertion point found within allowed wirelength. Consider increasing the allowed wirelength or relaxing keepout constraints.
[2026-05-27 10:54:36.065] [file_logger] [info] Recti message: Warning: No valid insertion point found within allowed wirelength. Consider increasing the allowed wirelength or relaxing keepout constraints.
[2026-05-27 10:54:36.066] [file_logger] [info] Recti message: Warning: No valid insertion point found within allowed wirelength. Consider increasing the allowed wirelength or relaxing keepout constraints.
[2026-05-27 10:54:36.067] [file_logger] [info] Recti message: Warning: No valid insertion point found within allowed wirelength. Consider increasing the allowed wirelength or relaxing keepout constraints.
[2026-05-27 10:54:36.068] [file_logger] [info] Recti message: Warning: No valid insertion point found within allowed wirelength. Consider increasing the allowed wirelength or relaxing keepout constraints.
[2026-05-27 10:54:36.069] [file_logger] [info] Recti message: Warning: No valid insertion point found within allowed wirelength. Consider increasing the allowed wirelength or relaxing keepout constraints.
[2026-05-27 10:54:36.070] [file_logger] [info] Recti message: Warning: No valid insertion point found within allowed wirelength. Consider increasing the allowed wirelength or relaxing keepout constraints.
[2026-05-27 10:54:36.071] [file_logger] [info] Recti message: Warning: No valid insertion point found within allowed wirelength. Consider increasing the allowed wirelength or relaxing keepout constraints.
[2026-05-27 10:54:36.072] [file_logger] [info] Recti message: Warning: No valid insertion point found within allowed wirelength. Consider increasing the allowed wirelength or relaxing keepout constraints.
[2026-05-27 10:54:36.073] [file_logger] [info] Recti message: Warning: No valid insertion point found within allowed wirelength. Consider increasing the allowed wirelength or relaxing keepout constraints.
[2026-05-27 10:54:36.074] [file_logger] [info] Recti message: Warning: No valid insertion point found within allowed wirelength. Consider increasing the allowed wirelength or relaxing keepout constraints.
[2026-05-27 10:54:36.075] [file_logger] [info] Recti message: Warning: No valid insertion point found within allowed wirelength. Consider increasing the allowed wirelength or relaxing keepout constraints.
[2026-05-27 10:54:36.076] [file_logger] [info] Recti message: Warning: No valid insertion point found within allowed wirelength. Consider increasing the allowed wirelength or relaxing keepout constraints.
[2026-05-27 10:54:36.077] [file_logger] [info] Recti message: Warning: No valid insertion point found within allowed wirelength. Consider increasing the allowed wirelength or relaxing keepout constraints.
[2026-05-27 10:54:36.077] [file_logger] [info] Recti message: Warning: No valid insertion point found within allowed wirelength. Consider increasing the allowed wirelength or relaxing keepout constraints.
[2026-05-27 10:54:36.078] [file_logger] [info] Recti message: Warning: No valid insertion point found within allowed wirelength. Consider increasing the allowed wirelength or relaxing keepout constraints.
[2026-05-27 10:54:36.079] [file_logger] [info] Recti message: Warning: No valid insertion point found within allowed wirelength. Consider increasing the allowed wirelength or relaxing keepout constraints.
[2026-05-27 10:54:36.080] [file_logger] [info] Recti message: Warning: No valid insertion point found within allowed wirelength. Consider increasing the allowed wirelength or relaxing keepout constraints.
[2026-05-27 10:54:36.081] [file_logger] [info] Recti message: Warning: No valid insertion point found within allowed wirelength. Consider increasing the allowed wirelength or relaxing keepout constraints.
[2026-05-27 10:54:36.081] [file_logger] [info] Recti message: Warning: No valid insertion point found within allowed wirelength. Consider increasing the allowed wirelength or relaxing keepout constraints.
[2026-05-27 10:54:36.082] [file_logger] [info] Recti message: Warning: No valid insertion point found within allowed wirelength. Consider increasing the allowed wirelength or relaxing keepout constraints.
[2026-05-27 10:54:36.083] [file_logger] [info] Recti message: Warning: No valid insertion point found within allowed wirelength. Consider increasing the allowed wirelength or relaxing keepout constraints.
[2026-05-27 10:54:36.084] [file_logger] [info] Recti message: Warning: No valid insertion point found within allowed wirelength. Consider increasing the allowed wirelength or relaxing keepout constraints.
[2026-05-27 10:54:36.086] [file_logger] [info] Recti message: Warning: No valid insertion point found within allowed wirelength. Consider increasing the allowed wirelength or relaxing keepout constraints.
[2026-05-27 10:54:36.087] [file_logger] [info] Recti message: Warning: No valid insertion point found within allowed wirelength. Consider increasing the allowed wirelength or relaxing keepout constraints.
[2026-05-27 10:54:36.088] [file_logger] [info] Recti message: Warning: No valid insertion point found within allowed wirelength. Consider increasing the allowed wirelength or relaxing keepout constraints.
[2026-05-27 10:54:36.089] [file_logger] [info] Recti message: Warning: No valid insertion point found within allowed wirelength. Consider increasing the allowed wirelength or relaxing keepout constraints.
[2026-05-27 10:54:36.090] [file_logger] [info] Recti message: Warning: No valid insertion point found within allowed wirelength. Consider increasing the allowed wirelength or relaxing keepout constraints.
[2026-05-27 10:54:36.090] [file_logger] [info] Recti message: Warning: No valid insertion point found within allowed wirelength. Consider increasing the allowed wirelength or relaxing keepout constraints.
[2026-05-27 10:54:36.091] [file_logger] [info] Recti message: Warning: No valid insertion point found within allowed wirelength. Consider increasing the allowed wirelength or relaxing keepout constraints.
[2026-05-27 10:54:36.092] [file_logger] [info] Recti message: Warning: No valid insertion point found within allowed wirelength. Consider increasing the allowed wirelength or relaxing keepout constraints.
[2026-05-27 10:54:36.093] [file_logger] [info] Recti message: Warning: No valid insertion point found within allowed wirelength. Consider increasing the allowed wirelength or relaxing keepout constraints.
[2026-05-27 10:54:36.094] [file_logger] [info] Recti message: Warning: No valid insertion point found within allowed wirelength. Consider increasing the allowed wirelength or relaxing keepout constraints.
[2026-05-27 10:54:36.094] [file_logger] [info] Recti message: Warning: No valid insertion point found within allowed wirelength. Consider increasing the allowed wirelength or relaxing keepout constraints.
[2026-05-27 10:54:36.095] [file_logger] [info] Recti message: Warning: No valid insertion point found within allowed wirelength. Consider increasing the allowed wirelength or relaxing keepout constraints.
[2026-05-27 10:54:36.096] [file_logger] [info] Recti message: Warning: No valid insertion point found within allowed wirelength. Consider increasing the allowed wirelength or relaxing keepout constraints.
[2026-05-27 10:54:36.097] [file_logger] [info] Recti message: Warning: No valid insertion point found within allowed wirelength. Consider increasing the allowed wirelength or relaxing keepout constraints.
[2026-05-27 10:54:36.098] [file_logger] [info] Recti message: Warning: No valid insertion point found within allowed wirelength. Consider increasing the allowed wirelength or relaxing keepout constraints.
[2026-05-27 10:54:36.098] [file_logger] [info] Recti message: Warning: No valid insertion point found within allowed wirelength. Consider increasing the allowed wirelength or relaxing keepout constraints.
[2026-05-27 10:54:36.099] [file_logger] [info] Recti message: Warning: No valid insertion point found within allowed wirelength. Consider increasing the allowed wirelength or relaxing keepout constraints.
[2026-05-27 10:54:36.100] [file_logger] [info] Recti message: Warning: No valid insertion point found within allowed wirelength. Consider increasing the allowed wirelength or relaxing keepout constraints.
[2026-05-27 10:54:36.102] [file_logger] [info] Recti message: Warning: No valid insertion point found within allowed wirelength. Consider increasing the allowed wirelength or relaxing keepout constraints.
[2026-05-27 10:54:36.103] [file_logger] [info] Recti message: Warning: No valid insertion point found within allowed wirelength. Consider increasing the allowed wirelength or relaxing keepout constraints.
[2026-05-27 10:54:36.103] [file_logger] [info] Recti message: Warning: No valid insertion point found within allowed wirelength. Consider increasing the allowed wirelength or relaxing keepout constraints.
[2026-05-27 10:54:36.104] [file_logger] [info] Recti message: Warning: No valid insertion point found within allowed wirelength. Consider increasing the allowed wirelength or relaxing keepout constraints.
[2026-05-27 10:54:36.105] [file_logger] [info] Recti message: Warning: No valid insertion point found within allowed wirelength. Consider increasing the allowed wirelength or relaxing keepout constraints.
[2026-05-27 10:54:36.106] [file_logger] [info] Recti message: Warning: No valid insertion point found within allowed wirelength. Consider increasing the allowed wirelength or relaxing keepout constraints.
[2026-05-27 10:54:36.107] [file_logger] [info] Recti message: Warning: No valid insertion point found within allowed wirelength. Consider increasing the allowed wirelength or relaxing keepout constraints.
[2026-05-27 10:54:36.108] [file_logger] [info] Recti message: Warning: No valid insertion point found within allowed wirelength. Consider increasing the allowed wirelength or relaxing keepout constraints.
[2026-05-27 10:54:36.109] [file_logger] [info] Recti message: Warning: No valid insertion point found within allowed wirelength. Consider increasing the allowed wirelength or relaxing keepout constraints.
[2026-05-27 10:54:36.110] [file_logger] [info] Recti message: Warning: No valid insertion point found within allowed wirelength. Consider increasing the allowed wirelength or relaxing keepout constraints.
[2026-05-27 10:54:36.111] [file_logger] [info] Recti message: Warning: No valid insertion point found within allowed wirelength. Consider increasing the allowed wirelength or relaxing keepout constraints.
[2026-05-27 10:54:36.112] [file_logger] [info] Recti message: Warning: No valid insertion point found within allowed wirelength. Consider increasing the allowed wirelength or relaxing keepout constraints.
[2026-05-27 10:54:36.113] [file_logger] [info] Recti message: Warning: No valid insertion point found within allowed wirelength. Consider increasing the allowed wirelength or relaxing keepout constraints.
[2026-05-27 10:54:36.114] [file_logger] [info] Recti message: Warning: No valid insertion point found within allowed wirelength. Consider increasing the allowed wirelength or relaxing keepout constraints.
[2026-05-27 10:54:36.115] [file_logger] [info] Recti message: Warning: No valid insertion point found within allowed wirelength. Consider increasing the allowed wirelength or relaxing keepout constraints.
[2026-05-27 10:54:36.115] [file_logger] [info] Recti message: Warning: No valid insertion point found within allowed wirelength. Consider increasing the allowed wirelength or relaxing keepout constraints.
[2026-05-27 10:54:36.116] [file_logger] [info] Recti message: Warning: No valid insertion point found within allowed wirelength. Consider increasing the allowed wirelength or relaxing keepout constraints.
[2026-05-27 10:54:36.117] [file_logger] [info] Recti message: Warning: No valid insertion point found within allowed wirelength. Consider increasing the allowed wirelength or relaxing keepout constraints.
[2026-05-27 10:54:36.118] [file_logger] [info] Recti message: Warning: No valid insertion point found within allowed wirelength. Consider increasing the allowed wirelength or relaxing keepout constraints.
[2026-05-27 10:54:36.119] [file_logger] [info] Recti message: Warning: No valid insertion point found within allowed wirelength. Consider increasing the allowed wirelength or relaxing keepout constraints.
[2026-05-27 10:54:36.120] [file_logger] [info] Recti message: Warning: No valid insertion point found within allowed wirelength. Consider increasing the allowed wirelength or relaxing keepout constraints.
[2026-05-27 10:54:36.121] [file_logger] [info] Recti message: Warning: No valid insertion point found within allowed wirelength. Consider increasing the allowed wirelength or relaxing keepout constraints.
[2026-05-27 10:54:36.122] [file_logger] [info] Recti message: Warning: No valid insertion point found within allowed wirelength. Consider increasing the allowed wirelength or relaxing keepout constraints.
[2026-05-27 10:54:36.122] [file_logger] [info] Recti message: Warning: No valid insertion point found within allowed wirelength. Consider increasing the allowed wirelength or relaxing keepout constraints.
[2026-05-27 10:54:36.123] [file_logger] [info] Recti message: Warning: No valid insertion point found within allowed wirelength. Consider increasing the allowed wirelength or relaxing keepout constraints.
[2026-05-27 10:54:36.124] [file_logger] [info] Recti message: Warning: No valid insertion point found within allowed wirelength. Consider increasing the allowed wirelength or relaxing keepout constraints.
[2026-05-27 10:54:36.125] [file_logger] [info] Recti message: Warning: No valid insertion point found within allowed wirelength. Consider increasing the allowed wirelength or relaxing keepout constraints.
[2026-05-27 10:54:36.126] [file_logger] [info] Recti message: Warning: No valid insertion point found within allowed wirelength. Consider increasing the allowed wirelength or relaxing keepout constraints.
[2026-05-27 10:54:36.126] [file_logger] [info] Recti message: Warning: No valid insertion point found within allowed wirelength. Consider increasing the allowed wirelength or relaxing keepout constraints.
[2026-05-27 10:54:36.127] [file_logger] [info] Recti message: Warning: No valid insertion point found within allowed wirelength. Consider increasing the allowed wirelength or relaxing keepout constraints.
[2026-05-27 10:54:36.128] [file_logger] [info] Recti message: Warning: No valid insertion point found within allowed wirelength. Consider increasing the allowed wirelength or relaxing keepout constraints.
[2026-05-27 10:54:36.129] [file_logger] [info] Recti message: Warning: No valid insertion point found within allowed wirelength. Consider increasing the allowed wirelength or relaxing keepout constraints.
[2026-05-27 10:54:36.130] [file_logger] [info] Recti message: Warning: No valid insertion point found within allowed wirelength. Consider increasing the allowed wirelength or relaxing keepout constraints.
[2026-05-27 10:54:36.131] [file_logger] [info] Recti message: Warning: No valid insertion point found within allowed wirelength. Consider increasing the allowed wirelength or relaxing keepout constraints.
[2026-05-27 10:54:36.132] [file_logger] [info] Recti message: Warning: No valid insertion point found within allowed wirelength. Consider increasing the allowed wirelength or relaxing keepout constraints.
[2026-05-27 10:54:36.133] [file_logger] [info] Recti message: Warning: No valid insertion point found within allowed wirelength. Consider increasing the allowed wirelength or relaxing keepout constraints.
[2026-05-27 10:54:36.134] [file_logger] [info] Recti message: Warning: No valid insertion point found within allowed wirelength. Consider increasing the allowed wirelength or relaxing keepout constraints.
[2026-05-27 10:54:36.135] [file_logger] [info] Recti message: Warning: No valid insertion point found within allowed wirelength. Consider increasing the allowed wirelength or relaxing keepout constraints.
[2026-05-27 10:54:36.136] [file_logger] [info] Recti message: Warning: No valid insertion point found within allowed wirelength. Consider increasing the allowed wirelength or relaxing keepout constraints.
[2026-05-27 10:54:36.137] [file_logger] [info] Recti message: Warning: No valid insertion point found within allowed wirelength. Consider increasing the allowed wirelength or relaxing keepout constraints.
[2026-05-27 10:54:36.138] [file_logger] [info] Recti message: Warning: No valid insertion point found within allowed wirelength. Consider increasing the allowed wirelength or relaxing keepout constraints.
[2026-05-27 10:54:36.139] [file_logger] [info] Recti message: Warning: No valid insertion point found within allowed wirelength. Consider increasing the allowed wirelength or relaxing keepout constraints.
[2026-05-27 10:54:36.139] [file_logger] [info] Recti message: Warning: No valid insertion point found within allowed wirelength. Consider increasing the allowed wirelength or relaxing keepout constraints.
[2026-05-27 10:54:36.140] [file_logger] [info] Recti message: Warning: No valid insertion point found within allowed wirelength. Consider increasing the allowed wirelength or relaxing keepout constraints.
[2026-05-27 10:54:36.141] [file_logger] [info] Recti message: Warning: No valid insertion point found within allowed wirelength. Consider increasing the allowed wirelength or relaxing keepout constraints.
[2026-05-27 10:54:36.142] [file_logger] [info] Recti message: Warning: No valid insertion point found within allowed wirelength. Consider increasing the allowed wirelength or relaxing keepout constraints.
[2026-05-27 10:54:36.143] [file_logger] [info] Recti message: Warning: No valid insertion point found within allowed wirelength. Consider increasing the allowed wirelength or relaxing keepout constraints.
[2026-05-27 10:54:36.143] [file_logger] [info] Recti message: Warning: No valid insertion point found within allowed wirelength. Consider increasing the allowed wirelength or relaxing keepout constraints.
[2026-05-27 10:54:36.144] [file_logger] [info] Recti message: Warning: No valid insertion point found within allowed wirelength. Consider increasing the allowed wirelength or relaxing keepout constraints.
[2026-05-27 10:54:36.145] [file_logger] [info] Recti message: Warning: No valid insertion point found within allowed wirelength. Consider increasing the allowed wirelength or relaxing keepout constraints.
[2026-05-27 10:54:36.146] [file_logger] [info] Recti message: Warning: No valid insertion point found within allowed wirelength. Consider increasing the allowed wirelength or relaxing keepout constraints.
[2026-05-27 10:54:36.147] [file_logger] [info] Recti message: Warning: No valid insertion point found within allowed wirelength. Consider increasing the allowed wirelength or relaxing keepout constraints.
[2026-05-27 10:54:36.147] [file_logger] [info] Recti message: Warning: No valid insertion point found within allowed wirelength. Consider increasing the allowed wirelength or relaxing keepout constraints.
[2026-05-27 10:54:36.148] [file_logger] [info] Recti message: Warning: No valid insertion point found within allowed wirelength. Consider increasing the allowed wirelength or relaxing keepout constraints.
[2026-05-27 10:54:36.149] [file_logger] [info] Recti message: Warning: No valid insertion point found within allowed wirelength. Consider increasing the allowed wirelength or relaxing keepout constraints.
[2026-05-27 10:54:36.150] [file_logger] [info] Recti message: Warning: No valid insertion point found within allowed wirelength. Consider increasing the allowed wirelength or relaxing keepout constraints.
[2026-05-27 10:54:36.151] [file_logger] [info] Recti message: Warning: No valid insertion point found within allowed wirelength. Consider increasing the allowed wirelength or relaxing keepout constraints.
[2026-05-27 10:54:36.152] [file_logger] [info] Recti message: Warning: No valid insertion point found within allowed wirelength. Consider increasing the allowed wirelength or relaxing keepout constraints.
[2026-05-27 10:54:36.153] [file_logger] [info] Recti message: Warning: No valid insertion point found within allowed wirelength. Consider increasing the allowed wirelength or relaxing keepout constraints.
[2026-05-27 10:54:36.154] [file_logger] [info] Recti message: Warning: No valid insertion point found within allowed wirelength. Consider increasing the allowed wirelength or relaxing keepout constraints.
[2026-05-27 10:54:36.155] [file_logger] [info] Recti message: Warning: No valid insertion point found within allowed wirelength. Consider increasing the allowed wirelength or relaxing keepout constraints.
[2026-05-27 10:54:36.156] [file_logger] [info] Recti message: Warning: No valid insertion point found within allowed wirelength. Consider increasing the allowed wirelength or relaxing keepout constraints.
[2026-05-27 10:54:36.157] [file_logger] [info] Recti message: Warning: No valid insertion point found within allowed wirelength. Consider increasing the allowed wirelength or relaxing keepout constraints.
[2026-05-27 10:54:36.158] [file_logger] [info] Recti message: Warning: No valid insertion point found within allowed wirelength. Consider increasing the allowed wirelength or relaxing keepout constraints.
[2026-05-27 10:54:36.158] [file_logger] [info] Recti message: Warning: No valid insertion point found within allowed wirelength. Consider increasing the allowed wirelength or relaxing keepout constraints.
[2026-05-27 10:54:36.159] [file_logger] [info] Recti message: Warning: No valid insertion point found within allowed wirelength. Consider increasing the allowed wirelength or relaxing keepout constraints.
[2026-05-27 10:54:36.160] [file_logger] [info] Recti message: Warning: No valid insertion point found within allowed wirelength. Consider increasing the allowed wirelength or relaxing keepout constraints.
[2026-05-27 10:54:36.161] [file_logger] [info] Recti message: Warning: No valid insertion point found within allowed wirelength. Consider increasing the allowed wirelength or relaxing keepout constraints.
[2026-05-27 10:54:36.161] [file_logger] [info] Recti message: Warning: No valid insertion point found within allowed wirelength. Consider increasing the allowed wirelength or relaxing keepout constraints.
[2026-05-27 10:54:36.162] [file_logger] [info] Recti message: Warning: No valid insertion point found within allowed wirelength. Consider increasing the allowed wirelength or relaxing keepout constraints.
[2026-05-27 10:54:36.163] [file_logger] [info] Recti message: Warning: No valid insertion point found within allowed wirelength. Consider increasing the allowed wirelength or relaxing keepout constraints.
[2026-05-27 10:54:36.164] [file_logger] [info] Recti message: Warning: No valid insertion point found within allowed wirelength. Consider increasing the allowed wirelength or relaxing keepout constraints.
[2026-05-27 10:54:36.165] [file_logger] [info] Recti message: Warning: No valid insertion point found within allowed wirelength. Consider increasing the allowed wirelength or relaxing keepout constraints.
[2026-05-27 10:54:36.165] [file_logger] [info] Recti message: Warning: No valid insertion point found within allowed wirelength. Consider increasing the allowed wirelength or relaxing keepout constraints.
[2026-05-27 10:54:36.166] [file_logger] [info] Recti message: Warning: No valid insertion point found within allowed wirelength. Consider increasing the allowed wirelength or relaxing keepout constraints.
[2026-05-27 10:54:36.167] [file_logger] [info] Recti message: Warning: No valid insertion point found within allowed wirelength. Consider increasing the allowed wirelength or relaxing keepout constraints.
[2026-05-27 10:54:36.168] [file_logger] [info] Recti message: Warning: No valid insertion point found within allowed wirelength. Consider increasing the allowed wirelength or relaxing keepout constraints.
[2026-05-27 10:54:36.169] [file_logger] [info] Recti message: Warning: No valid insertion point found within allowed wirelength. Consider increasing the allowed wirelength or relaxing keepout constraints.
[2026-05-27 10:54:36.170] [file_logger] [info] Recti message: Warning: No valid insertion point found within allowed wirelength. Consider increasing the allowed wirelength or relaxing keepout constraints.
[2026-05-27 10:54:36.171] [file_logger] [info] Recti message: Warning: No valid insertion point found within allowed wirelength. Consider increasing the allowed wirelength or relaxing keepout constraints.
[2026-05-27 10:54:36.172] [file_logger] [info] Recti message: Warning: No valid insertion point found within allowed wirelength. Consider increasing the allowed wirelength or relaxing keepout constraints.
[2026-05-27 10:54:36.173] [file_logger] [info] Recti message: Warning: No valid insertion point found within allowed wirelength. Consider increasing the allowed wirelength or relaxing keepout constraints.
[2026-05-27 10:54:36.174] [file_logger] [info] Recti message: Warning: No valid insertion point found within allowed wirelength. Consider increasing the allowed wirelength or relaxing keepout constraints.
[2026-05-27 10:54:36.175] [file_logger] [info] Recti message: Warning: No valid insertion point found within allowed wirelength. Consider increasing the allowed wirelength or relaxing keepout constraints.
[2026-05-27 10:54:36.175] [file_logger] [info] Recti message: Warning: No valid insertion point found within allowed wirelength. Consider increasing the allowed wirelength or relaxing keepout constraints.
[2026-05-27 10:54:36.176] [file_logger] [info] Recti message: Warning: No valid insertion point found within allowed wirelength. Consider increasing the allowed wirelength or relaxing keepout constraints.
[2026-05-27 10:54:36.177] [file_logger] [info] Recti message: Warning: No valid insertion point found within allowed wirelength. Consider increasing the allowed wirelength or relaxing keepout constraints.
[2026-05-27 10:54:36.178] [file_logger] [info] Recti message: Warning: No valid insertion point found within allowed wirelength. Consider increasing the allowed wirelength or relaxing keepout constraints.
[2026-05-27 10:54:36.179] [file_logger] [info] Recti message: Warning: No valid insertion point found within allowed wirelength. Consider increasing the allowed wirelength or relaxing keepout constraints.
[2026-05-27 10:54:36.180] [file_logger] [info] Recti message: Warning: No valid insertion point found within allowed wirelength. Consider increasing the allowed wirelength or relaxing keepout constraints.
[2026-05-27 10:54:36.181] [file_logger] [info] Recti message: Warning: No valid insertion point found within allowed wirelength. Consider increasing the allowed wirelength or relaxing keepout constraints.
[2026-05-27 10:54:36.182] [file_logger] [info] Recti message: Warning: No valid insertion point found within allowed wirelength. Consider increasing the allowed wirelength or relaxing keepout constraints.
[2026-05-27 10:54:36.191] [file_logger] [info] Recti message: Warning: No valid insertion point found within allowed wirelength. Consider increasing the allowed wirelength or relaxing keepout constraints.
[2026-05-27 10:54:36.192] [file_logger] [info] Recti message: Warning: No valid insertion point found within allowed wirelength. Consider increasing the allowed wirelength or relaxing keepout constraints.
[2026-05-27 10:54:36.193] [file_logger] [info] Recti message: Warning: No valid insertion point found within allowed wirelength. Consider increasing the allowed wirelength or relaxing keepout constraints.
[2026-05-27 10:54:36.194] [file_logger] [info] Recti message: Warning: No valid insertion point found within allowed wirelength. Consider increasing the allowed wirelength or relaxing keepout constraints.
[2026-05-27 10:54:36.195] [file_logger] [info] Recti message: Warning: No valid insertion point found within allowed wirelength. Consider increasing the allowed wirelength or relaxing keepout constraints.
[2026-05-27 10:54:36.197] [file_logger] [info] Recti message: Warning: No valid insertion point found within allowed wirelength. Consider increasing the allowed wirelength or relaxing keepout constraints.
[2026-05-27 10:54:36.198] [file_logger] [info] Recti message: Warning: No valid insertion point found within allowed wirelength. Consider increasing the allowed wirelength or relaxing keepout constraints.
[2026-05-27 10:54:36.200] [file_logger] [info] Recti message: Warning: No valid insertion point found within allowed wirelength. Consider increasing the allowed wirelength or relaxing keepout constraints.
